2025-12-30 00:34:46 - stock-analysis - INFO - 这是普通信息(INFO)
2025-12-30 00:34:46 - stock-analysis - WARNING - 这是警告信息(WARNING)
2025-12-30 00:34:46 - stock-analysis - ERROR - 这是错误信息(ERROR)
2025-12-30 00:34:46 - stock-analysis - ERROR - 捕获到异常(带堆栈信息)
Traceback (most recent call last):
  File "examples.py", line 70, in example_2_logger
    result = 1 / 0
ZeroDivisionError: division by zero
2025-12-30 00:34:46 - stock-analysis - INFO - 下载文件 (1/2): https://www.python.org/static/community_logos/python-logo.png
2025-12-30 00:34:51 - stock-analysis - ERROR - 下载出错: HTTPSConnectionPool(host='www.python.org', port=443): Max retries exceeded with url: /static/community_logos/python-logo.png (Caused by ProxyError('Unable to connect to proxy', SSLError(SSLZeroReturnError(6, 'TLS/SSL connection has been closed (EOF) (_ssl.c:1149)'))))
2025-12-30 00:34:51 - stock-analysis - INFO - 等待 1 秒后重试...
2025-12-30 00:34:52 - stock-analysis - INFO - 下载文件 (2/2): https://www.python.org/static/community_logos/python-logo.png
2025-12-30 00:34:57 - stock-analysis - ERROR - 下载出错: HTTPSConnectionPool(host='www.python.org', port=443): Max retries exceeded with url: /static/community_logos/python-logo.png (Caused by ProxyError('Unable to connect to proxy', SSLError(SSLZeroReturnError(6, 'TLS/SSL connection has been closed (EOF) (_ssl.c:1149)'))))
2025-12-30 00:34:57 - stock-analysis - ERROR - 下载失败,已重试 2 次
2025-12-30 00:34:57 - stock-analysis - INFO - 获取通达信服务器文件列表...
2025-12-30 00:34:58 - stock-analysis - INFO - 获取到 146 个财务文件信息
2025-12-30 00:35:37 - stock-analysis - INFO - 使用 user_config.py 配置
2025-12-30 00:35:37 - stock-analysis - INFO - ============================================================
2025-12-30 00:35:37 - stock-analysis - INFO - 开始更新财务数据
2025-12-30 00:35:37 - stock-analysis - INFO - ============================================================
2025-12-30 00:35:37 - stock-analysis - INFO - 检查缺失的财务文件...
2025-12-30 00:35:37 - stock-analysis - INFO - 获取通达信服务器文件列表...
2025-12-30 00:35:44 - stock-analysis - INFO - 获取到 146 个财务文件信息
2025-12-30 00:35:44 - stock-analysis - INFO - 发现 1 个缺失文件
2025-12-30 00:35:44 - stock-analysis - INFO - 下载文件: gpcw19980630.zip
2025-12-30 00:35:44 - stock-analysis - INFO - 下载文件 (1/3): http://down.tdx.com.cn:8001/tdxfin/gpcw19980630.zip
2025-12-30 00:35:54 - stock-analysis - INFO - 下载完成: gpcw19980630.zip
2025-12-30 00:35:54 - stock-analysis - INFO - 解压文件: gpcw19980630.zip
2025-12-30 00:35:54 - stock-analysis - INFO - 转换文件: gpcw19980630.dat -> gpcw19980630.pkl
2025-12-30 00:35:54 - stock-analysis - DEBUG - 读取财务数据: 669 条记录
2025-12-30 00:35:54 - stock-analysis - INFO - 文件处理完成: gpcw19980630.pkl
2025-12-30 00:35:54 - stock-analysis - INFO - 检查需要更新的财务文件...
2025-12-30 00:35:54 - stock-analysis - INFO - 获取通达信服务器文件列表...
2025-12-30 00:36:07 - stock-analysis - INFO - 获取到 146 个财务文件信息
2025-12-30 00:36:08 - stock-analysis - INFO - 发现 49 个需要更新的文件
2025-12-30 00:36:08 - stock-analysis - INFO - 下载文件: gpcw20020630.zip
2025-12-30 00:36:08 - stock-analysis - INFO - 下载文件 (1/3): http://down.tdx.com.cn:8001/tdxfin/gpcw20020630.zip
2025-12-30 00:36:12 - stock-analysis - INFO - 下载完成: gpcw20020630.zip
2025-12-30 00:36:12 - stock-analysis - INFO - 解压文件: gpcw20020630.zip
2025-12-30 00:36:12 - stock-analysis - INFO - 转换文件: gpcw20020630.dat -> gpcw20020630.pkl
2025-12-30 00:36:12 - stock-analysis - DEBUG - 读取财务数据: 1017 条记录
2025-12-30 00:36:12 - stock-analysis - INFO - 文件处理完成: gpcw20020630.pkl
2025-12-30 00:36:12 - stock-analysis - INFO - 下载文件: gpcw20021231.zip
2025-12-30 00:36:12 - stock-analysis - INFO - 下载文件 (1/3): http://down.tdx.com.cn:8001/tdxfin/gpcw20021231.zip
2025-12-30 00:36:15 - stock-analysis - INFO - 下载完成: gpcw20021231.zip
2025-12-30 00:36:15 - stock-analysis - INFO - 解压文件: gpcw20021231.zip
2025-12-30 00:36:15 - stock-analysis - INFO - 转换文件: gpcw20021231.dat -> gpcw20021231.pkl
2025-12-30 00:36:15 - stock-analysis - DEBUG - 读取财务数据: 1186 条记录
2025-12-30 00:36:15 - stock-analysis - INFO - 文件处理完成: gpcw20021231.pkl
2025-12-30 00:36:15 - stock-analysis - INFO - 下载文件: gpcw20030331.zip
2025-12-30 00:36:15 - stock-analysis - INFO - 下载文件 (1/3): http://down.tdx.com.cn:8001/tdxfin/gpcw20030331.zip
2025-12-30 00:36:18 - stock-analysis - INFO - 下载完成: gpcw20030331.zip
2025-12-30 00:36:18 - stock-analysis - INFO - 解压文件: gpcw20030331.zip
2025-12-30 00:36:18 - stock-analysis - INFO - 转换文件: gpcw20030331.dat -> gpcw20030331.pkl
2025-12-30 00:36:18 - stock-analysis - DEBUG - 读取财务数据: 1033 条记录
2025-12-30 00:36:18 - stock-analysis - INFO - 文件处理完成: gpcw20030331.pkl
2025-12-30 00:36:18 - stock-analysis - INFO - 下载文件: gpcw20030930.zip
2025-12-30 00:36:18 - stock-analysis - INFO - 下载文件 (1/3): http://down.tdx.com.cn:8001/tdxfin/gpcw20030930.zip
2025-12-30 00:36:21 - stock-analysis - INFO - 下载完成: gpcw20030930.zip
2025-12-30 00:36:21 - stock-analysis - INFO - 解压文件: gpcw20030930.zip
2025-12-30 00:36:21 - stock-analysis - INFO - 转换文件: gpcw20030930.dat -> gpcw20030930.pkl
2025-12-30 00:36:22 - stock-analysis - DEBUG - 读取财务数据: 1070 条记录
2025-12-30 00:36:22 - stock-analysis - INFO - 文件处理完成: gpcw20030930.pkl
2025-12-30 00:36:22 - stock-analysis - INFO - 下载文件: gpcw20040331.zip
2025-12-30 00:36:22 - stock-analysis - INFO - 下载文件 (1/3): http://down.tdx.com.cn:8001/tdxfin/gpcw20040331.zip
2025-12-30 00:36:26 - stock-analysis - INFO - 下载完成: gpcw20040331.zip
2025-12-30 00:36:26 - stock-analysis - INFO - 解压文件: gpcw20040331.zip
2025-12-30 00:36:26 - stock-analysis - INFO - 转换文件: gpcw20040331.dat -> gpcw20040331.pkl
2025-12-30 00:36:26 - stock-analysis - DEBUG - 读取财务数据: 1102 条记录
2025-12-30 00:36:26 - stock-analysis - INFO - 文件处理完成: gpcw20040331.pkl
2025-12-30 00:36:26 - stock-analysis - INFO - 下载文件: gpcw20070930.zip
2025-12-30 00:36:26 - stock-analysis - INFO - 下载文件 (1/3): http://down.tdx.com.cn:8001/tdxfin/gpcw20070930.zip
2025-12-30 00:36:37 - stock-analysis - INFO - 下载完成: gpcw20070930.zip
2025-12-30 00:36:37 - stock-analysis - INFO - 解压文件: gpcw20070930.zip
2025-12-30 00:36:37 - stock-analysis - INFO - 转换文件: gpcw20070930.dat -> gpcw20070930.pkl
2025-12-30 00:36:37 - stock-analysis - DEBUG - 读取财务数据: 1372 条记录
2025-12-30 00:36:37 - stock-analysis - INFO - 文件处理完成: gpcw20070930.pkl
2025-12-30 00:36:37 - stock-analysis - INFO - 下载文件: gpcw20071231.zip
2025-12-30 00:36:37 - stock-analysis - INFO - 下载文件 (1/3): http://down.tdx.com.cn:8001/tdxfin/gpcw20071231.zip
2025-12-30 00:36:54 - stock-analysis - INFO - 下载完成: gpcw20071231.zip
2025-12-30 00:36:54 - stock-analysis - INFO - 解压文件: gpcw20071231.zip
2025-12-30 00:36:54 - stock-analysis - INFO - 转换文件: gpcw20071231.dat -> gpcw20071231.pkl
2025-12-30 00:36:54 - stock-analysis - DEBUG - 读取财务数据: 1917 条记录
2025-12-30 00:36:54 - stock-analysis - INFO - 文件处理完成: gpcw20071231.pkl
2025-12-30 00:36:54 - stock-analysis - INFO - 下载文件: gpcw20080331.zip
2025-12-30 00:36:54 - stock-analysis - INFO - 下载文件 (1/3): http://down.tdx.com.cn:8001/tdxfin/gpcw20080331.zip
2025-12-30 00:37:00 - stock-analysis - INFO - 下载完成: gpcw20080331.zip
2025-12-30 00:37:00 - stock-analysis - INFO - 解压文件: gpcw20080331.zip
2025-12-30 00:37:00 - stock-analysis - INFO - 转换文件: gpcw20080331.dat -> gpcw20080331.pkl
2025-12-30 00:37:00 - stock-analysis - DEBUG - 读取财务数据: 1425 条记录
2025-12-30 00:37:00 - stock-analysis - INFO - 文件处理完成: gpcw20080331.pkl
2025-12-30 00:37:00 - stock-analysis - INFO - 下载文件: gpcw20080630.zip
2025-12-30 00:37:00 - stock-analysis - INFO - 下载文件 (1/3): http://down.tdx.com.cn:8001/tdxfin/gpcw20080630.zip
2025-12-30 00:37:06 - stock-analysis - INFO - 下载完成: gpcw20080630.zip
2025-12-30 00:37:06 - stock-analysis - INFO - 解压文件: gpcw20080630.zip
2025-12-30 00:37:06 - stock-analysis - INFO - 转换文件: gpcw20080630.dat -> gpcw20080630.pkl
2025-12-30 00:37:06 - stock-analysis - DEBUG - 读取财务数据: 1439 条记录
2025-12-30 00:37:06 - stock-analysis - INFO - 文件处理完成: gpcw20080630.pkl
2025-12-30 00:37:06 - stock-analysis - INFO - 下载文件: gpcw20100331.zip
2025-12-30 00:37:06 - stock-analysis - INFO - 下载文件 (1/3): http://down.tdx.com.cn:8001/tdxfin/gpcw20100331.zip
2025-12-30 00:37:28 - stock-analysis - INFO - 下载完成: gpcw20100331.zip
2025-12-30 00:37:28 - stock-analysis - INFO - 解压文件: gpcw20100331.zip
2025-12-30 00:37:28 - stock-analysis - INFO - 转换文件: gpcw20100331.dat -> gpcw20100331.pkl
2025-12-30 00:37:28 - stock-analysis - DEBUG - 读取财务数据: 1713 条记录
2025-12-30 00:37:28 - stock-analysis - INFO - 文件处理完成: gpcw20100331.pkl
2025-12-30 00:37:28 - stock-analysis - INFO - 下载文件: gpcw20120630.zip
2025-12-30 00:37:28 - stock-analysis - INFO - 下载文件 (1/3): http://down.tdx.com.cn:8001/tdxfin/gpcw20120630.zip
2025-12-30 00:37:53 - stock-analysis - INFO - 下载完成: gpcw20120630.zip
2025-12-30 00:37:53 - stock-analysis - INFO - 解压文件: gpcw20120630.zip
2025-12-30 00:37:53 - stock-analysis - INFO - 转换文件: gpcw20120630.dat -> gpcw20120630.pkl
2025-12-30 00:37:53 - stock-analysis - DEBUG - 读取财务数据: 2261 条记录
2025-12-30 00:37:53 - stock-analysis - INFO - 文件处理完成: gpcw20120630.pkl
2025-12-30 00:37:53 - stock-analysis - INFO - 下载文件: gpcw20121231.zip
2025-12-30 00:37:53 - stock-analysis - INFO - 下载文件 (1/3): http://down.tdx.com.cn:8001/tdxfin/gpcw20121231.zip
2025-12-30 00:38:03 - stock-analysis - INFO - 下载完成: gpcw20121231.zip
2025-12-30 00:38:03 - stock-analysis - INFO - 解压文件: gpcw20121231.zip
2025-12-30 00:38:03 - stock-analysis - INFO - 转换文件: gpcw20121231.dat -> gpcw20121231.pkl
2025-12-30 00:38:03 - stock-analysis - DEBUG - 读取财务数据: 2613 条记录
2025-12-30 00:38:03 - stock-analysis - INFO - 文件处理完成: gpcw20121231.pkl
2025-12-30 00:38:03 - stock-analysis - INFO - 下载文件: gpcw20130930.zip
2025-12-30 00:38:03 - stock-analysis - INFO - 下载文件 (1/3): http://down.tdx.com.cn:8001/tdxfin/gpcw20130930.zip
2025-12-30 00:38:10 - stock-analysis - INFO - 下载完成: gpcw20130930.zip
2025-12-30 00:38:10 - stock-analysis - INFO - 解压文件: gpcw20130930.zip
2025-12-30 00:38:10 - stock-analysis - INFO - 转换文件: gpcw20130930.dat -> gpcw20130930.pkl
2025-12-30 00:38:11 - stock-analysis - DEBUG - 读取财务数据: 2280 条记录
2025-12-30 00:38:11 - stock-analysis - INFO - 文件处理完成: gpcw20130930.pkl
2025-12-30 00:38:11 - stock-analysis - INFO - 下载文件: gpcw20131231.zip
2025-12-30 00:38:11 - stock-analysis - INFO - 下载文件 (1/3): http://down.tdx.com.cn:8001/tdxfin/gpcw20131231.zip
2025-12-30 00:38:18 - stock-analysis - INFO - 下载完成: gpcw20131231.zip
2025-12-30 00:38:18 - stock-analysis - INFO - 解压文件: gpcw20131231.zip
2025-12-30 00:38:18 - stock-analysis - INFO - 转换文件: gpcw20131231.dat -> gpcw20131231.pkl
2025-12-30 00:38:19 - stock-analysis - DEBUG - 读取财务数据: 2914 条记录
2025-12-30 00:38:19 - stock-analysis - INFO - 文件处理完成: gpcw20131231.pkl
2025-12-30 00:38:19 - stock-analysis - INFO - 下载文件: gpcw20140331.zip
2025-12-30 00:38:19 - stock-analysis - INFO - 下载文件 (1/3): http://down.tdx.com.cn:8001/tdxfin/gpcw20140331.zip
2025-12-30 00:38:25 - stock-analysis - INFO - 下载完成: gpcw20140331.zip
2025-12-30 00:38:25 - stock-analysis - INFO - 解压文件: gpcw20140331.zip
2025-12-30 00:38:26 - stock-analysis - INFO - 转换文件: gpcw20140331.dat -> gpcw20140331.pkl
2025-12-30 00:38:26 - stock-analysis - DEBUG - 读取财务数据: 2335 条记录
2025-12-30 00:38:27 - stock-analysis - INFO - 文件处理完成: gpcw20140331.pkl
2025-12-30 00:38:27 - stock-analysis - INFO - 下载文件: gpcw20141231.zip
2025-12-30 00:38:27 - stock-analysis - INFO - 下载文件 (1/3): http://down.tdx.com.cn:8001/tdxfin/gpcw20141231.zip
2025-12-30 00:38:39 - stock-analysis - INFO - 下载完成: gpcw20141231.zip
2025-12-30 00:38:40 - stock-analysis - INFO - 解压文件: gpcw20141231.zip
2025-12-30 00:38:40 - stock-analysis - INFO - 转换文件: gpcw20141231.dat -> gpcw20141231.pkl
2025-12-30 00:38:41 - stock-analysis - DEBUG - 读取财务数据: 3284 条记录
2025-12-30 00:38:41 - stock-analysis - INFO - 文件处理完成: gpcw20141231.pkl
2025-12-30 00:38:41 - stock-analysis - INFO - 下载文件: gpcw20150331.zip
2025-12-30 00:38:41 - stock-analysis - INFO - 下载文件 (1/3): http://down.tdx.com.cn:8001/tdxfin/gpcw20150331.zip
2025-12-30 00:38:49 - stock-analysis - INFO - 下载完成: gpcw20150331.zip
2025-12-30 00:38:49 - stock-analysis - INFO - 解压文件: gpcw20150331.zip
2025-12-30 00:38:49 - stock-analysis - INFO - 转换文件: gpcw20150331.dat -> gpcw20150331.pkl
2025-12-30 00:38:50 - stock-analysis - DEBUG - 读取财务数据: 2586 条记录
2025-12-30 00:38:50 - stock-analysis - INFO - 文件处理完成: gpcw20150331.pkl
2025-12-30 00:38:50 - stock-analysis - INFO - 下载文件: gpcw20150930.zip
2025-12-30 00:38:50 - stock-analysis - INFO - 下载文件 (1/3): http://down.tdx.com.cn:8001/tdxfin/gpcw20150930.zip
2025-12-30 00:39:00 - stock-analysis - INFO - 下载完成: gpcw20150930.zip
2025-12-30 00:39:01 - stock-analysis - INFO - 解压文件: gpcw20150930.zip
2025-12-30 00:39:01 - stock-analysis - INFO - 转换文件: gpcw20150930.dat -> gpcw20150930.pkl
2025-12-30 00:39:02 - stock-analysis - DEBUG - 读取财务数据: 2610 条记录
2025-12-30 00:39:02 - stock-analysis - INFO - 文件处理完成: gpcw20150930.pkl
2025-12-30 00:39:02 - stock-analysis - INFO - 下载文件: gpcw20151231.zip
2025-12-30 00:39:02 - stock-analysis - INFO - 下载文件 (1/3): http://down.tdx.com.cn:8001/tdxfin/gpcw20151231.zip
2025-12-30 00:39:34 - stock-analysis - INFO - 下载完成: gpcw20151231.zip
2025-12-30 00:39:34 - stock-analysis - INFO - 解压文件: gpcw20151231.zip
2025-12-30 00:39:34 - stock-analysis - INFO - 转换文件: gpcw20151231.dat -> gpcw20151231.pkl
2025-12-30 00:39:35 - stock-analysis - DEBUG - 读取财务数据: 3392 条记录
2025-12-30 00:39:35 - stock-analysis - INFO - 文件处理完成: gpcw20151231.pkl
2025-12-30 00:39:35 - stock-analysis - INFO - 下载文件: gpcw20161231.zip
2025-12-30 00:39:35 - stock-analysis - INFO - 下载文件 (1/3): http://down.tdx.com.cn:8001/tdxfin/gpcw20161231.zip
2025-12-30 00:39:45 - stock-analysis - INFO - 下载完成: gpcw20161231.zip
2025-12-30 00:39:45 - stock-analysis - INFO - 解压文件: gpcw20161231.zip
2025-12-30 00:39:45 - stock-analysis - INFO - 转换文件: gpcw20161231.dat -> gpcw20161231.pkl
2025-12-30 00:39:46 - stock-analysis - DEBUG - 读取财务数据: 3844 条记录
2025-12-30 00:39:47 - stock-analysis - INFO - 文件处理完成: gpcw20161231.pkl
2025-12-30 00:39:47 - stock-analysis - INFO - 下载文件: gpcw20180331.zip
2025-12-30 00:39:47 - stock-analysis - INFO - 下载文件 (1/3): http://down.tdx.com.cn:8001/tdxfin/gpcw20180331.zip
2025-12-30 00:39:54 - stock-analysis - INFO - 下载完成: gpcw20180331.zip
2025-12-30 00:39:54 - stock-analysis - INFO - 解压文件: gpcw20180331.zip
2025-12-30 00:39:54 - stock-analysis - INFO - 转换文件: gpcw20180331.dat -> gpcw20180331.pkl
2025-12-30 00:39:55 - stock-analysis - DEBUG - 读取财务数据: 3331 条记录
2025-12-30 00:39:55 - stock-analysis - INFO - 文件处理完成: gpcw20180331.pkl
2025-12-30 00:39:55 - stock-analysis - INFO - 下载文件: gpcw20180930.zip
2025-12-30 00:39:55 - stock-analysis - INFO - 下载文件 (1/3): http://down.tdx.com.cn:8001/tdxfin/gpcw20180930.zip
2025-12-30 00:40:05 - stock-analysis - INFO - 下载完成: gpcw20180930.zip
2025-12-30 00:40:05 - stock-analysis - INFO - 解压文件: gpcw20180930.zip
2025-12-30 00:40:05 - stock-analysis - INFO - 转换文件: gpcw20180930.dat -> gpcw20180930.pkl
2025-12-30 00:40:06 - stock-analysis - DEBUG - 读取财务数据: 3380 条记录
2025-12-30 00:40:06 - stock-analysis - INFO - 文件处理完成: gpcw20180930.pkl
2025-12-30 00:40:06 - stock-analysis - INFO - 下载文件: gpcw20181231.zip
2025-12-30 00:40:06 - stock-analysis - INFO - 下载文件 (1/3): http://down.tdx.com.cn:8001/tdxfin/gpcw20181231.zip
2025-12-30 00:40:23 - stock-analysis - INFO - 下载完成: gpcw20181231.zip
2025-12-30 00:40:23 - stock-analysis - INFO - 解压文件: gpcw20181231.zip
2025-12-30 00:40:24 - stock-analysis - INFO - 转换文件: gpcw20181231.dat -> gpcw20181231.pkl
2025-12-30 00:40:26 - stock-analysis - DEBUG - 读取财务数据: 5024 条记录
2025-12-30 00:40:26 - stock-analysis - INFO - 文件处理完成: gpcw20181231.pkl
2025-12-30 00:40:26 - stock-analysis - INFO - 下载文件: gpcw20190331.zip
2025-12-30 00:40:26 - stock-analysis - INFO - 下载文件 (1/3): http://down.tdx.com.cn:8001/tdxfin/gpcw20190331.zip
2025-12-30 00:40:33 - stock-analysis - INFO - 下载完成: gpcw20190331.zip
2025-12-30 00:40:33 - stock-analysis - INFO - 解压文件: gpcw20190331.zip
2025-12-30 00:40:33 - stock-analysis - INFO - 转换文件: gpcw20190331.dat -> gpcw20190331.pkl
2025-12-30 00:40:34 - stock-analysis - DEBUG - 读取财务数据: 3503 条记录
2025-12-30 00:40:34 - stock-analysis - INFO - 文件处理完成: gpcw20190331.pkl
2025-12-30 00:40:34 - stock-analysis - INFO - 下载文件: gpcw20190630.zip
2025-12-30 00:40:34 - stock-analysis - INFO - 下载文件 (1/3): http://down.tdx.com.cn:8001/tdxfin/gpcw20190630.zip
2025-12-30 00:40:41 - stock-analysis - INFO - 下载完成: gpcw20190630.zip
2025-12-30 00:40:41 - stock-analysis - INFO - 解压文件: gpcw20190630.zip
2025-12-30 00:40:41 - stock-analysis - INFO - 转换文件: gpcw20190630.dat -> gpcw20190630.pkl
2025-12-30 00:40:41 - stock-analysis - DEBUG - 读取财务数据: 3756 条记录
2025-12-30 00:40:42 - stock-analysis - INFO - 文件处理完成: gpcw20190630.pkl
2025-12-30 00:40:42 - stock-analysis - INFO - 下载文件: gpcw20190930.zip
2025-12-30 00:40:42 - stock-analysis - INFO - 下载文件 (1/3): http://down.tdx.com.cn:8001/tdxfin/gpcw20190930.zip
2025-12-30 00:40:47 - stock-analysis - INFO - 下载完成: gpcw20190930.zip
2025-12-30 00:40:47 - stock-analysis - INFO - 解压文件: gpcw20190930.zip
2025-12-30 00:40:47 - stock-analysis - INFO - 转换文件: gpcw20190930.dat -> gpcw20190930.pkl
2025-12-30 00:40:48 - stock-analysis - DEBUG - 读取财务数据: 3628 条记录
2025-12-30 00:40:48 - stock-analysis - INFO - 文件处理完成: gpcw20190930.pkl
2025-12-30 00:40:48 - stock-analysis - INFO - 下载文件: gpcw20191231.zip
2025-12-30 00:40:48 - stock-analysis - INFO - 下载文件 (1/3): http://down.tdx.com.cn:8001/tdxfin/gpcw20191231.zip
2025-12-30 00:40:59 - stock-analysis - INFO - 下载完成: gpcw20191231.zip
2025-12-30 00:40:59 - stock-analysis - INFO - 解压文件: gpcw20191231.zip
2025-12-30 00:40:59 - stock-analysis - INFO - 转换文件: gpcw20191231.dat -> gpcw20191231.pkl
2025-12-30 00:41:00 - stock-analysis - DEBUG - 读取财务数据: 5307 条记录
2025-12-30 00:41:00 - stock-analysis - INFO - 文件处理完成: gpcw20191231.pkl
2025-12-30 00:41:00 - stock-analysis - INFO - 下载文件: gpcw20200331.zip
2025-12-30 00:41:00 - stock-analysis - INFO - 下载文件 (1/3): http://down.tdx.com.cn:8001/tdxfin/gpcw20200331.zip
2025-12-30 00:41:12 - stock-analysis - INFO - 下载完成: gpcw20200331.zip
2025-12-30 00:41:12 - stock-analysis - INFO - 解压文件: gpcw20200331.zip
2025-12-30 00:41:12 - stock-analysis - INFO - 转换文件: gpcw20200331.dat -> gpcw20200331.pkl
2025-12-30 00:41:13 - stock-analysis - DEBUG - 读取财务数据: 3836 条记录
2025-12-30 00:41:13 - stock-analysis - INFO - 文件处理完成: gpcw20200331.pkl
2025-12-30 00:41:13 - stock-analysis - INFO - 下载文件: gpcw20200630.zip
2025-12-30 00:41:13 - stock-analysis - INFO - 下载文件 (1/3): http://down.tdx.com.cn:8001/tdxfin/gpcw20200630.zip
2025-12-30 00:41:23 - stock-analysis - INFO - 下载完成: gpcw20200630.zip
2025-12-30 00:41:23 - stock-analysis - INFO - 解压文件: gpcw20200630.zip
2025-12-30 00:41:23 - stock-analysis - INFO - 转换文件: gpcw20200630.dat -> gpcw20200630.pkl
2025-12-30 00:41:24 - stock-analysis - DEBUG - 读取财务数据: 4514 条记录
2025-12-30 00:41:24 - stock-analysis - INFO - 文件处理完成: gpcw20200630.pkl
2025-12-30 00:41:24 - stock-analysis - INFO - 下载文件: gpcw20200930.zip
2025-12-30 00:41:24 - stock-analysis - INFO - 下载文件 (1/3): http://down.tdx.com.cn:8001/tdxfin/gpcw20200930.zip
2025-12-30 00:41:31 - stock-analysis - INFO - 下载完成: gpcw20200930.zip
2025-12-30 00:41:31 - stock-analysis - INFO - 解压文件: gpcw20200930.zip
2025-12-30 00:41:31 - stock-analysis - INFO - 转换文件: gpcw20200930.dat -> gpcw20200930.pkl
2025-12-30 00:41:32 - stock-analysis - DEBUG - 读取财务数据: 4127 条记录
2025-12-30 00:41:32 - stock-analysis - INFO - 文件处理完成: gpcw20200930.pkl
2025-12-30 00:41:32 - stock-analysis - INFO - 下载文件: gpcw20201231.zip
2025-12-30 00:41:32 - stock-analysis - INFO - 下载文件 (1/3): http://down.tdx.com.cn:8001/tdxfin/gpcw20201231.zip
2025-12-30 00:41:42 - stock-analysis - INFO - 下载完成: gpcw20201231.zip
2025-12-30 00:41:42 - stock-analysis - INFO - 解压文件: gpcw20201231.zip
2025-12-30 00:41:42 - stock-analysis - INFO - 转换文件: gpcw20201231.dat -> gpcw20201231.pkl
2025-12-30 00:41:43 - stock-analysis - DEBUG - 读取财务数据: 5445 条记录
2025-12-30 00:41:43 - stock-analysis - INFO - 文件处理完成: gpcw20201231.pkl
2025-12-30 00:41:43 - stock-analysis - INFO - 下载文件: gpcw20210331.zip
2025-12-30 00:41:43 - stock-analysis - INFO - 下载文件 (1/3): http://down.tdx.com.cn:8001/tdxfin/gpcw20210331.zip
2025-12-30 00:41:49 - stock-analysis - INFO - 下载完成: gpcw20210331.zip
2025-12-30 00:41:49 - stock-analysis - INFO - 解压文件: gpcw20210331.zip
2025-12-30 00:41:49 - stock-analysis - INFO - 转换文件: gpcw20210331.dat -> gpcw20210331.pkl
2025-12-30 00:41:50 - stock-analysis - DEBUG - 读取财务数据: 4368 条记录
2025-12-30 00:41:50 - stock-analysis - INFO - 文件处理完成: gpcw20210331.pkl
2025-12-30 00:41:50 - stock-analysis - INFO - 下载文件: gpcw20210630.zip
2025-12-30 00:41:50 - stock-analysis - INFO - 下载文件 (1/3): http://down.tdx.com.cn:8001/tdxfin/gpcw20210630.zip
2025-12-30 00:41:55 - stock-analysis - INFO - 下载完成: gpcw20210630.zip
2025-12-30 00:41:55 - stock-analysis - INFO - 解压文件: gpcw20210630.zip
2025-12-30 00:41:55 - stock-analysis - INFO - 转换文件: gpcw20210630.dat -> gpcw20210630.pkl
2025-12-30 00:41:57 - stock-analysis - DEBUG - 读取财务数据: 4997 条记录
2025-12-30 00:41:57 - stock-analysis - INFO - 文件处理完成: gpcw20210630.pkl
2025-12-30 00:41:57 - stock-analysis - INFO - 下载文件: gpcw20210930.zip
2025-12-30 00:41:57 - stock-analysis - INFO - 下载文件 (1/3): http://down.tdx.com.cn:8001/tdxfin/gpcw20210930.zip
2025-12-30 00:42:10 - stock-analysis - INFO - 下载完成: gpcw20210930.zip
2025-12-30 00:42:10 - stock-analysis - INFO - 解压文件: gpcw20210930.zip
2025-12-30 00:42:10 - stock-analysis - INFO - 转换文件: gpcw20210930.dat -> gpcw20210930.pkl
2025-12-30 00:42:11 - stock-analysis - DEBUG - 读取财务数据: 4621 条记录
2025-12-30 00:42:11 - stock-analysis - INFO - 文件处理完成: gpcw20210930.pkl
2025-12-30 00:42:11 - stock-analysis - INFO - 下载文件: gpcw20211231.zip
2025-12-30 00:42:11 - stock-analysis - INFO - 下载文件 (1/3): http://down.tdx.com.cn:8001/tdxfin/gpcw20211231.zip
2025-12-30 00:42:29 - stock-analysis - INFO - 下载完成: gpcw20211231.zip
2025-12-30 00:42:30 - stock-analysis - INFO - 解压文件: gpcw20211231.zip
2025-12-30 00:42:30 - stock-analysis - INFO - 转换文件: gpcw20211231.dat -> gpcw20211231.pkl
2025-12-30 00:42:32 - stock-analysis - DEBUG - 读取财务数据: 5469 条记录
2025-12-30 00:42:32 - stock-analysis - INFO - 文件处理完成: gpcw20211231.pkl
2025-12-30 00:42:32 - stock-analysis - INFO - 下载文件: gpcw20220331.zip
2025-12-30 00:42:32 - stock-analysis - INFO - 下载文件 (1/3): http://down.tdx.com.cn:8001/tdxfin/gpcw20220331.zip
2025-12-30 00:42:42 - stock-analysis - INFO - 下载完成: gpcw20220331.zip
2025-12-30 00:42:42 - stock-analysis - INFO - 解压文件: gpcw20220331.zip
2025-12-30 00:42:43 - stock-analysis - INFO - 转换文件: gpcw20220331.dat -> gpcw20220331.pkl
2025-12-30 00:42:44 - stock-analysis - DEBUG - 读取财务数据: 4770 条记录
2025-12-30 00:42:44 - stock-analysis - INFO - 文件处理完成: gpcw20220331.pkl
2025-12-30 00:42:44 - stock-analysis - INFO - 下载文件: gpcw20220630.zip
2025-12-30 00:42:44 - stock-analysis - INFO - 下载文件 (1/3): http://down.tdx.com.cn:8001/tdxfin/gpcw20220630.zip
2025-12-30 00:42:54 - stock-analysis - INFO - 下载完成: gpcw20220630.zip
2025-12-30 00:42:54 - stock-analysis - INFO - 解压文件: gpcw20220630.zip
2025-12-30 00:42:54 - stock-analysis - INFO - 转换文件: gpcw20220630.dat -> gpcw20220630.pkl
2025-12-30 00:42:55 - stock-analysis - DEBUG - 读取财务数据: 5301 条记录
2025-12-30 00:42:55 - stock-analysis - INFO - 文件处理完成: gpcw20220630.pkl
2025-12-30 00:42:55 - stock-analysis - INFO - 下载文件: gpcw20220930.zip
2025-12-30 00:42:55 - stock-analysis - INFO - 下载文件 (1/3): http://down.tdx.com.cn:8001/tdxfin/gpcw20220930.zip
2025-12-30 00:43:18 - stock-analysis - INFO - 下载完成: gpcw20220930.zip
2025-12-30 00:43:18 - stock-analysis - INFO - 解压文件: gpcw20220930.zip
2025-12-30 00:43:18 - stock-analysis - INFO - 转换文件: gpcw20220930.dat -> gpcw20220930.pkl
2025-12-30 00:43:19 - stock-analysis - DEBUG - 读取财务数据: 4991 条记录
2025-12-30 00:43:19 - stock-analysis - INFO - 文件处理完成: gpcw20220930.pkl
2025-12-30 00:43:19 - stock-analysis - INFO - 下载文件: gpcw20221231.zip
2025-12-30 00:43:19 - stock-analysis - INFO - 下载文件 (1/3): http://down.tdx.com.cn:8001/tdxfin/gpcw20221231.zip
2025-12-30 00:43:25 - stock-analysis - INFO - 下载完成: gpcw20221231.zip
2025-12-30 00:43:26 - stock-analysis - INFO - 解压文件: gpcw20221231.zip
2025-12-30 00:43:26 - stock-analysis - INFO - 转换文件: gpcw20221231.dat -> gpcw20221231.pkl
2025-12-30 00:43:27 - stock-analysis - DEBUG - 读取财务数据: 5472 条记录
2025-12-30 00:43:27 - stock-analysis - INFO - 文件处理完成: gpcw20221231.pkl
2025-12-30 00:43:27 - stock-analysis - INFO - 下载文件: gpcw20230331.zip
2025-12-30 00:43:27 - stock-analysis - INFO - 下载文件 (1/3): http://down.tdx.com.cn:8001/tdxfin/gpcw20230331.zip
2025-12-30 00:43:36 - stock-analysis - INFO - 下载完成: gpcw20230331.zip
2025-12-30 00:43:36 - stock-analysis - INFO - 解压文件: gpcw20230331.zip
2025-12-30 00:43:36 - stock-analysis - INFO - 转换文件: gpcw20230331.dat -> gpcw20230331.pkl
2025-12-30 00:43:37 - stock-analysis - DEBUG - 读取财务数据: 5184 条记录
2025-12-30 00:43:37 - stock-analysis - INFO - 文件处理完成: gpcw20230331.pkl
2025-12-30 00:43:37 - stock-analysis - INFO - 下载文件: gpcw20230630.zip
2025-12-30 00:43:37 - stock-analysis - INFO - 下载文件 (1/3): http://down.tdx.com.cn:8001/tdxfin/gpcw20230630.zip
2025-12-30 00:43:44 - stock-analysis - INFO - 下载完成: gpcw20230630.zip
2025-12-30 00:43:44 - stock-analysis - INFO - 解压文件: gpcw20230630.zip
2025-12-30 00:43:44 - stock-analysis - INFO - 转换文件: gpcw20230630.dat -> gpcw20230630.pkl
2025-12-30 00:43:45 - stock-analysis - DEBUG - 读取财务数据: 5371 条记录
2025-12-30 00:43:45 - stock-analysis - INFO - 文件处理完成: gpcw20230630.pkl
2025-12-30 00:43:45 - stock-analysis - INFO - 下载文件: gpcw20230930.zip
2025-12-30 00:43:45 - stock-analysis - INFO - 下载文件 (1/3): http://down.tdx.com.cn:8001/tdxfin/gpcw20230930.zip
2025-12-30 00:43:55 - stock-analysis - INFO - 下载完成: gpcw20230930.zip
2025-12-30 00:43:55 - stock-analysis - INFO - 解压文件: gpcw20230930.zip
2025-12-30 00:43:55 - stock-analysis - INFO - 转换文件: gpcw20230930.dat -> gpcw20230930.pkl
2025-12-30 00:43:56 - stock-analysis - DEBUG - 读取财务数据: 5275 条记录
2025-12-30 00:43:56 - stock-analysis - INFO - 文件处理完成: gpcw20230930.pkl
2025-12-30 00:43:56 - stock-analysis - INFO - 下载文件: gpcw20231231.zip
2025-12-30 00:43:56 - stock-analysis - INFO - 下载文件 (1/3): http://down.tdx.com.cn:8001/tdxfin/gpcw20231231.zip
2025-12-30 00:44:09 - stock-analysis - INFO - 下载完成: gpcw20231231.zip
2025-12-30 00:44:09 - stock-analysis - INFO - 解压文件: gpcw20231231.zip
2025-12-30 00:44:09 - stock-analysis - INFO - 转换文件: gpcw20231231.dat -> gpcw20231231.pkl
2025-12-30 00:44:10 - stock-analysis - DEBUG - 读取财务数据: 5474 条记录
2025-12-30 00:44:10 - stock-analysis - INFO - 文件处理完成: gpcw20231231.pkl
2025-12-30 00:44:10 - stock-analysis - INFO - 下载文件: gpcw20240331.zip
2025-12-30 00:44:10 - stock-analysis - INFO - 下载文件 (1/3): http://down.tdx.com.cn:8001/tdxfin/gpcw20240331.zip
2025-12-30 00:44:17 - stock-analysis - INFO - 下载完成: gpcw20240331.zip
2025-12-30 00:44:17 - stock-analysis - INFO - 解压文件: gpcw20240331.zip
2025-12-30 00:44:17 - stock-analysis - INFO - 转换文件: gpcw20240331.dat -> gpcw20240331.pkl
2025-12-30 00:44:18 - stock-analysis - DEBUG - 读取财务数据: 5314 条记录
2025-12-30 00:44:18 - stock-analysis - INFO - 文件处理完成: gpcw20240331.pkl
2025-12-30 00:44:18 - stock-analysis - INFO - 下载文件: gpcw20240630.zip
2025-12-30 00:44:18 - stock-analysis - INFO - 下载文件 (1/3): http://down.tdx.com.cn:8001/tdxfin/gpcw20240630.zip
2025-12-30 00:44:37 - stock-analysis - INFO - 下载完成: gpcw20240630.zip
2025-12-30 00:44:37 - stock-analysis - INFO - 解压文件: gpcw20240630.zip
2025-12-30 00:44:37 - stock-analysis - INFO - 转换文件: gpcw20240630.dat -> gpcw20240630.pkl
2025-12-30 00:44:38 - stock-analysis - DEBUG - 读取财务数据: 5435 条记录
2025-12-30 00:44:38 - stock-analysis - INFO - 文件处理完成: gpcw20240630.pkl
2025-12-30 00:44:38 - stock-analysis - INFO - 下载文件: gpcw20240930.zip
2025-12-30 00:44:38 - stock-analysis - INFO - 下载文件 (1/3): http://down.tdx.com.cn:8001/tdxfin/gpcw20240930.zip
2025-12-30 00:44:48 - stock-analysis - INFO - 下载完成: gpcw20240930.zip
2025-12-30 00:44:48 - stock-analysis - INFO - 解压文件: gpcw20240930.zip
2025-12-30 00:44:48 - stock-analysis - INFO - 转换文件: gpcw20240930.dat -> gpcw20240930.pkl
2025-12-30 00:44:49 - stock-analysis - DEBUG - 读取财务数据: 5372 条记录
2025-12-30 00:44:49 - stock-analysis - INFO - 文件处理完成: gpcw20240930.pkl
2025-12-30 00:44:49 - stock-analysis - INFO - 下载文件: gpcw20241231.zip
2025-12-30 00:44:49 - stock-analysis - INFO - 下载文件 (1/3): http://down.tdx.com.cn:8001/tdxfin/gpcw20241231.zip
2025-12-30 00:44:55 - stock-analysis - INFO - 下载完成: gpcw20241231.zip
2025-12-30 00:44:55 - stock-analysis - INFO - 解压文件: gpcw20241231.zip
2025-12-30 00:44:56 - stock-analysis - INFO - 转换文件: gpcw20241231.dat -> gpcw20241231.pkl
2025-12-30 00:44:56 - stock-analysis - DEBUG - 读取财务数据: 5472 条记录
2025-12-30 00:44:56 - stock-analysis - INFO - 文件处理完成: gpcw20241231.pkl
2025-12-30 00:44:56 - stock-analysis - INFO - 下载文件: gpcw20250630.zip
2025-12-30 00:44:56 - stock-analysis - INFO - 下载文件 (1/3): http://down.tdx.com.cn:8001/tdxfin/gpcw20250630.zip
2025-12-30 00:45:08 - stock-analysis - INFO - 下载完成: gpcw20250630.zip
2025-12-30 00:45:08 - stock-analysis - INFO - 解压文件: gpcw20250630.zip
2025-12-30 00:45:08 - stock-analysis - INFO - 转换文件: gpcw20250630.dat -> gpcw20250630.pkl
2025-12-30 00:45:08 - stock-analysis - DEBUG - 读取财务数据: 5468 条记录
2025-12-30 00:45:09 - stock-analysis - INFO - 文件处理完成: gpcw20250630.pkl
2025-12-30 00:45:09 - stock-analysis - INFO - 下载文件: gpcw20250930.zip
2025-12-30 00:45:09 - stock-analysis - INFO - 下载文件 (1/3): http://down.tdx.com.cn:8001/tdxfin/gpcw20250930.zip
2025-12-30 00:45:23 - stock-analysis - INFO - 下载完成: gpcw20250930.zip
2025-12-30 00:45:23 - stock-analysis - INFO - 解压文件: gpcw20250930.zip
2025-12-30 00:45:23 - stock-analysis - INFO - 转换文件: gpcw20250930.dat -> gpcw20250930.pkl
2025-12-30 00:45:24 - stock-analysis - DEBUG - 读取财务数据: 5464 条记录
2025-12-30 00:45:24 - stock-analysis - INFO - 文件处理完成: gpcw20250930.pkl
2025-12-30 00:45:24 - stock-analysis - INFO - 检查缺失的PKL文件...
2025-12-30 00:45:24 - stock-analysis - INFO - 导出PKL文件: gpcw19881231.pkl
2025-12-30 00:45:24 - stock-analysis - DEBUG - 读取财务数据: 0 条记录
2025-12-30 00:45:24 - stock-analysis - INFO - 导出PKL文件: gpcw19891231.pkl
2025-12-30 00:45:24 - stock-analysis - DEBUG - 读取财务数据: 1 条记录
2025-12-30 00:45:24 - stock-analysis - INFO - 导出PKL文件: gpcw19900630.pkl
2025-12-30 00:45:24 - stock-analysis - DEBUG - 读取财务数据: 0 条记录
2025-12-30 00:45:24 - stock-analysis - INFO - 导出PKL文件: gpcw19901231.pkl
2025-12-30 00:45:24 - stock-analysis - DEBUG - 读取财务数据: 59 条记录
2025-12-30 00:45:24 - stock-analysis - INFO - 导出PKL文件: gpcw19910331.pkl
2025-12-30 00:45:24 - stock-analysis - DEBUG - 读取财务数据: 0 条记录
2025-12-30 00:45:24 - stock-analysis - INFO - 导出PKL文件: gpcw19910630.pkl
2025-12-30 00:45:24 - stock-analysis - DEBUG - 读取财务数据: 0 条记录
2025-12-30 00:45:24 - stock-analysis - INFO - 导出PKL文件: gpcw19910930.pkl
2025-12-30 00:45:24 - stock-analysis - DEBUG - 读取财务数据: 0 条记录
2025-12-30 00:45:24 - stock-analysis - INFO - 导出PKL文件: gpcw19911231.pkl
2025-12-30 00:45:24 - stock-analysis - DEBUG - 读取财务数据: 91 条记录
2025-12-30 00:45:24 - stock-analysis - INFO - 导出PKL文件: gpcw19920331.pkl
2025-12-30 00:45:24 - stock-analysis - DEBUG - 读取财务数据: 0 条记录
2025-12-30 00:45:24 - stock-analysis - INFO - 导出PKL文件: gpcw19920630.pkl
2025-12-30 00:45:24 - stock-analysis - DEBUG - 读取财务数据: 0 条记录
2025-12-30 00:45:24 - stock-analysis - INFO - 导出PKL文件: gpcw19920930.pkl
2025-12-30 00:45:24 - stock-analysis - DEBUG - 读取财务数据: 0 条记录
2025-12-30 00:45:24 - stock-analysis - INFO - 导出PKL文件: gpcw19921231.pkl
2025-12-30 00:45:24 - stock-analysis - DEBUG - 读取财务数据: 193 条记录
2025-12-30 00:45:24 - stock-analysis - INFO - 导出PKL文件: gpcw19930331.pkl
2025-12-30 00:45:24 - stock-analysis - DEBUG - 读取财务数据: 0 条记录
2025-12-30 00:45:24 - stock-analysis - INFO - 导出PKL文件: gpcw19930630.pkl
2025-12-30 00:45:24 - stock-analysis - DEBUG - 读取财务数据: 0 条记录
2025-12-30 00:45:24 - stock-analysis - INFO - 导出PKL文件: gpcw19930930.pkl
2025-12-30 00:45:24 - stock-analysis - DEBUG - 读取财务数据: 0 条记录
2025-12-30 00:45:24 - stock-analysis - INFO - 导出PKL文件: gpcw19931231.pkl
2025-12-30 00:45:24 - stock-analysis - DEBUG - 读取财务数据: 306 条记录
2025-12-30 00:45:24 - stock-analysis - INFO - 导出PKL文件: gpcw19940331.pkl
2025-12-30 00:45:24 - stock-analysis - DEBUG - 读取财务数据: 0 条记录
2025-12-30 00:45:24 - stock-analysis - INFO - 导出PKL文件: gpcw19940630.pkl
2025-12-30 00:45:24 - stock-analysis - DEBUG - 读取财务数据: 215 条记录
2025-12-30 00:45:24 - stock-analysis - INFO - 导出PKL文件: gpcw19940930.pkl
2025-12-30 00:45:24 - stock-analysis - DEBUG - 读取财务数据: 0 条记录
2025-12-30 00:45:24 - stock-analysis - INFO - 导出PKL文件: gpcw19941231.pkl
2025-12-30 00:45:24 - stock-analysis - DEBUG - 读取财务数据: 473 条记录
2025-12-30 00:45:24 - stock-analysis - INFO - 导出PKL文件: gpcw19950331.pkl
2025-12-30 00:45:24 - stock-analysis - DEBUG - 读取财务数据: 0 条记录
2025-12-30 00:45:24 - stock-analysis - INFO - 导出PKL文件: gpcw19950630.pkl
2025-12-30 00:45:24 - stock-analysis - DEBUG - 读取财务数据: 250 条记录
2025-12-30 00:45:24 - stock-analysis - INFO - 导出PKL文件: gpcw19950930.pkl
2025-12-30 00:45:24 - stock-analysis - DEBUG - 读取财务数据: 0 条记录
2025-12-30 00:45:24 - stock-analysis - INFO - 导出PKL文件: gpcw19951231.pkl
2025-12-30 00:45:24 - stock-analysis - DEBUG - 读取财务数据: 678 条记录
2025-12-30 00:45:24 - stock-analysis - INFO - 导出PKL文件: gpcw19960331.pkl
2025-12-30 00:45:24 - stock-analysis - DEBUG - 读取财务数据: 0 条记录
2025-12-30 00:45:24 - stock-analysis - INFO - 导出PKL文件: gpcw19960630.pkl
2025-12-30 00:45:24 - stock-analysis - DEBUG - 读取财务数据: 366 条记录
2025-12-30 00:45:24 - stock-analysis - INFO - 导出PKL文件: gpcw19960930.pkl
2025-12-30 00:45:24 - stock-analysis - DEBUG - 读取财务数据: 0 条记录
2025-12-30 00:45:24 - stock-analysis - INFO - 导出PKL文件: gpcw19961231.pkl
2025-12-30 00:45:24 - stock-analysis - DEBUG - 读取财务数据: 772 条记录
2025-12-30 00:45:24 - stock-analysis - INFO - 导出PKL文件: gpcw19970331.pkl
2025-12-30 00:45:24 - stock-analysis - DEBUG - 读取财务数据: 0 条记录
2025-12-30 00:45:24 - stock-analysis - INFO - 导出PKL文件: gpcw19970630.pkl
2025-12-30 00:45:24 - stock-analysis - DEBUG - 读取财务数据: 581 条记录
2025-12-30 00:45:24 - stock-analysis - INFO - 导出PKL文件: gpcw19970930.pkl
2025-12-30 00:45:24 - stock-analysis - DEBUG - 读取财务数据: 0 条记录
2025-12-30 00:45:24 - stock-analysis - INFO - 导出PKL文件: gpcw19971231.pkl
2025-12-30 00:45:25 - stock-analysis - DEBUG - 读取财务数据: 903 条记录
2025-12-30 00:45:25 - stock-analysis - INFO - 导出PKL文件: gpcw19980331.pkl
2025-12-30 00:45:25 - stock-analysis - DEBUG - 读取财务数据: 0 条记录
2025-12-30 00:45:25 - stock-analysis - INFO - 导出PKL文件: gpcw19980930.pkl
2025-12-30 00:45:25 - stock-analysis - DEBUG - 读取财务数据: 0 条记录
2025-12-30 00:45:25 - stock-analysis - INFO - 导出PKL文件: gpcw19981231.pkl
2025-12-30 00:45:25 - stock-analysis - DEBUG - 读取财务数据: 940 条记录
2025-12-30 00:45:25 - stock-analysis - INFO - 导出PKL文件: gpcw19990331.pkl
2025-12-30 00:45:25 - stock-analysis - DEBUG - 读取财务数据: 0 条记录
2025-12-30 00:45:25 - stock-analysis - INFO - 导出PKL文件: gpcw19990630.pkl
2025-12-30 00:45:25 - stock-analysis - DEBUG - 读取财务数据: 767 条记录
2025-12-30 00:45:25 - stock-analysis - INFO - 导出PKL文件: gpcw19990930.pkl
2025-12-30 00:45:25 - stock-analysis - DEBUG - 读取财务数据: 0 条记录
2025-12-30 00:45:25 - stock-analysis - INFO - 导出PKL文件: gpcw20000331.pkl
2025-12-30 00:45:25 - stock-analysis - DEBUG - 读取财务数据: 0 条记录
2025-12-30 00:45:25 - stock-analysis - INFO - 导出PKL文件: gpcw20000630.pkl
2025-12-30 00:45:25 - stock-analysis - DEBUG - 读取财务数据: 876 条记录
2025-12-30 00:45:25 - stock-analysis - INFO - 导出PKL文件: gpcw20000930.pkl
2025-12-30 00:45:25 - stock-analysis - DEBUG - 读取财务数据: 0 条记录
2025-12-30 00:45:25 - stock-analysis - INFO - 导出PKL文件: gpcw20001231.pkl
2025-12-30 00:45:25 - stock-analysis - DEBUG - 读取财务数据: 1077 条记录
2025-12-30 00:45:25 - stock-analysis - INFO - 导出PKL文件: gpcw20010331.pkl
2025-12-30 00:45:25 - stock-analysis - DEBUG - 读取财务数据: 19 条记录
2025-12-30 00:45:25 - stock-analysis - INFO - 导出PKL文件: gpcw20010930.pkl
2025-12-30 00:45:25 - stock-analysis - DEBUG - 读取财务数据: 100 条记录
2025-12-30 00:45:25 - stock-analysis - INFO - 导出PKL文件: gpcw20011231.pkl
2025-12-30 00:45:26 - stock-analysis - DEBUG - 读取财务数据: 1170 条记录
2025-12-30 00:45:26 - stock-analysis - INFO - 导出PKL文件: gpcw20020331.pkl
2025-12-30 00:45:26 - stock-analysis - DEBUG - 读取财务数据: 960 条记录
2025-12-30 00:45:26 - stock-analysis - INFO - 导出PKL文件: gpcw20020930.pkl
2025-12-30 00:45:26 - stock-analysis - DEBUG - 读取财务数据: 1001 条记录
2025-12-30 00:45:26 - stock-analysis - INFO - 导出PKL文件: gpcw20030630.pkl
2025-12-30 00:45:26 - stock-analysis - DEBUG - 读取财务数据: 1074 条记录
2025-12-30 00:45:26 - stock-analysis - INFO - 导出PKL文件: gpcw20031231.pkl
2025-12-30 00:45:26 - stock-analysis - DEBUG - 读取财务数据: 1270 条记录
2025-12-30 00:45:26 - stock-analysis - INFO - 导出PKL文件: gpcw20040630.pkl
2025-12-30 00:45:27 - stock-analysis - DEBUG - 读取财务数据: 1170 条记录
2025-12-30 00:45:27 - stock-analysis - INFO - 导出PKL文件: gpcw20040930.pkl
2025-12-30 00:45:27 - stock-analysis - DEBUG - 读取财务数据: 1169 条记录
2025-12-30 00:45:27 - stock-analysis - INFO - 导出PKL文件: gpcw20041231.pkl
2025-12-30 00:45:27 - stock-analysis - DEBUG - 读取财务数据: 1385 条记录
2025-12-30 00:45:27 - stock-analysis - INFO - 导出PKL文件: gpcw20050331.pkl
2025-12-30 00:45:27 - stock-analysis - DEBUG - 读取财务数据: 1173 条记录
2025-12-30 00:45:27 - stock-analysis - INFO - 导出PKL文件: gpcw20050630.pkl
2025-12-30 00:45:28 - stock-analysis - DEBUG - 读取财务数据: 1182 条记录
2025-12-30 00:45:28 - stock-analysis - INFO - 导出PKL文件: gpcw20050930.pkl
2025-12-30 00:45:28 - stock-analysis - DEBUG - 读取财务数据: 1181 条记录
2025-12-30 00:45:28 - stock-analysis - INFO - 导出PKL文件: gpcw20051231.pkl
2025-12-30 00:45:28 - stock-analysis - DEBUG - 读取财务数据: 1437 条记录
2025-12-30 00:45:28 - stock-analysis - INFO - 导出PKL文件: gpcw20060331.pkl
2025-12-30 00:45:28 - stock-analysis - DEBUG - 读取财务数据: 1182 条记录
2025-12-30 00:45:28 - stock-analysis - INFO - 导出PKL文件: gpcw20060630.pkl
2025-12-30 00:45:28 - stock-analysis - DEBUG - 读取财务数据: 1259 条记录
2025-12-30 00:45:28 - stock-analysis - INFO - 导出PKL文件: gpcw20060930.pkl
2025-12-30 00:45:29 - stock-analysis - DEBUG - 读取财务数据: 1258 条记录
2025-12-30 00:45:29 - stock-analysis - INFO - 导出PKL文件: gpcw20061231.pkl
2025-12-30 00:45:29 - stock-analysis - DEBUG - 读取财务数据: 1585 条记录
2025-12-30 00:45:29 - stock-analysis - INFO - 导出PKL文件: gpcw20070331.pkl
2025-12-30 00:45:29 - stock-analysis - DEBUG - 读取财务数据: 1296 条记录
2025-12-30 00:45:29 - stock-analysis - INFO - 导出PKL文件: gpcw20070630.pkl
2025-12-30 00:45:29 - stock-analysis - DEBUG - 读取财务数据: 1374 条记录
2025-12-30 00:45:29 - stock-analysis - INFO - 导出PKL文件: gpcw20080930.pkl
2025-12-30 00:45:30 - stock-analysis - DEBUG - 读取财务数据: 1438 条记录
2025-12-30 00:45:30 - stock-analysis - INFO - 导出PKL文件: gpcw20081231.pkl
2025-12-30 00:45:30 - stock-analysis - DEBUG - 读取财务数据: 2144 条记录
2025-12-30 00:45:30 - stock-analysis - INFO - 导出PKL文件: gpcw20090331.pkl
2025-12-30 00:45:30 - stock-analysis - DEBUG - 读取财务数据: 1441 条记录
2025-12-30 00:45:30 - stock-analysis - INFO - 导出PKL文件: gpcw20090630.pkl
2025-12-30 00:45:31 - stock-analysis - DEBUG - 读取财务数据: 1572 条记录
2025-12-30 00:45:31 - stock-analysis - INFO - 导出PKL文件: gpcw20090930.pkl
2025-12-30 00:45:31 - stock-analysis - DEBUG - 读取财务数据: 1578 条记录
2025-12-30 00:45:31 - stock-analysis - INFO - 导出PKL文件: gpcw20091231.pkl
2025-12-30 00:45:31 - stock-analysis - DEBUG - 读取财务数据: 2260 条记录
2025-12-30 00:45:31 - stock-analysis - INFO - 导出PKL文件: gpcw20100630.pkl
2025-12-30 00:45:32 - stock-analysis - DEBUG - 读取财务数据: 1895 条记录
2025-12-30 00:45:32 - stock-analysis - INFO - 导出PKL文件: gpcw20100930.pkl
2025-12-30 00:45:32 - stock-analysis - DEBUG - 读取财务数据: 1903 条记录
2025-12-30 00:45:32 - stock-analysis - INFO - 导出PKL文件: gpcw20101231.pkl
2025-12-30 00:45:32 - stock-analysis - DEBUG - 读取财务数据: 2326 条记录
2025-12-30 00:45:32 - stock-analysis - INFO - 导出PKL文件: gpcw20110331.pkl
2025-12-30 00:45:33 - stock-analysis - DEBUG - 读取财务数据: 2018 条记录
2025-12-30 00:45:33 - stock-analysis - INFO - 导出PKL文件: gpcw20110630.pkl
2025-12-30 00:45:33 - stock-analysis - DEBUG - 读取财务数据: 2139 条记录
2025-12-30 00:45:33 - stock-analysis - INFO - 导出PKL文件: gpcw20110930.pkl
2025-12-30 00:45:33 - stock-analysis - DEBUG - 读取财务数据: 2130 条记录
2025-12-30 00:45:33 - stock-analysis - INFO - 导出PKL文件: gpcw20111231.pkl
2025-12-30 00:45:34 - stock-analysis - DEBUG - 读取财务数据: 2433 条记录
2025-12-30 00:45:34 - stock-analysis - INFO - 导出PKL文件: gpcw20120331.pkl
2025-12-30 00:45:34 - stock-analysis - DEBUG - 读取财务数据: 2212 条记录
2025-12-30 00:45:34 - stock-analysis - INFO - 导出PKL文件: gpcw20120930.pkl
2025-12-30 00:45:35 - stock-analysis - DEBUG - 读取财务数据: 2261 条记录
2025-12-30 00:45:35 - stock-analysis - INFO - 导出PKL文件: gpcw20130331.pkl
2025-12-30 00:45:35 - stock-analysis - DEBUG - 读取财务数据: 2261 条记录
2025-12-30 00:45:35 - stock-analysis - INFO - 导出PKL文件: gpcw20130630.pkl
2025-12-30 00:45:35 - stock-analysis - DEBUG - 读取财务数据: 2306 条记录
2025-12-30 00:45:35 - stock-analysis - INFO - 导出PKL文件: gpcw20140630.pkl
2025-12-30 00:45:36 - stock-analysis - DEBUG - 读取财务数据: 2395 条记录
2025-12-30 00:45:36 - stock-analysis - INFO - 导出PKL文件: gpcw20140930.pkl
2025-12-30 00:45:36 - stock-analysis - DEBUG - 读取财务数据: 2421 条记录
2025-12-30 00:45:36 - stock-analysis - INFO - 导出PKL文件: gpcw20150630.pkl
2025-12-30 00:45:37 - stock-analysis - DEBUG - 读取财务数据: 2600 条记录
2025-12-30 00:45:37 - stock-analysis - INFO - 导出PKL文件: gpcw20160331.pkl
2025-12-30 00:45:37 - stock-analysis - DEBUG - 读取财务数据: 2697 条记录
2025-12-30 00:45:37 - stock-analysis - INFO - 导出PKL文件: gpcw20160630.pkl
2025-12-30 00:45:38 - stock-analysis - DEBUG - 读取财务数据: 2892 条记录
2025-12-30 00:45:38 - stock-analysis - INFO - 导出PKL文件: gpcw20160930.pkl
2025-12-30 00:45:38 - stock-analysis - DEBUG - 读取财务数据: 2910 条记录
2025-12-30 00:45:38 - stock-analysis - INFO - 导出PKL文件: gpcw20170331.pkl
2025-12-30 00:45:39 - stock-analysis - DEBUG - 读取财务数据: 3122 条记录
2025-12-30 00:45:39 - stock-analysis - INFO - 导出PKL文件: gpcw20170630.pkl
2025-12-30 00:45:39 - stock-analysis - DEBUG - 读取财务数据: 3274 条记录
2025-12-30 00:45:39 - stock-analysis - INFO - 导出PKL文件: gpcw20170930.pkl
2025-12-30 00:45:40 - stock-analysis - DEBUG - 读取财务数据: 3278 条记录
2025-12-30 00:45:40 - stock-analysis - INFO - 导出PKL文件: gpcw20171231.pkl
2025-12-30 00:45:41 - stock-analysis - DEBUG - 读取财务数据: 4611 条记录
2025-12-30 00:45:41 - stock-analysis - INFO - 导出PKL文件: gpcw20180630.pkl
2025-12-30 00:45:41 - stock-analysis - DEBUG - 读取财务数据: 3383 条记录
2025-12-30 00:45:41 - stock-analysis - INFO - 导出PKL文件: gpcw20250331.pkl
2025-12-30 00:45:43 - stock-analysis - DEBUG - 读取财务数据: 5423 条记录
2025-12-30 00:45:43 - stock-analysis - INFO - 导出PKL文件: gpcw20251231.pkl
2025-12-30 00:45:43 - stock-analysis - DEBUG - 读取财务数据: 0 条记录
2025-12-30 00:45:43 - stock-analysis - INFO - 导出PKL文件: gpcw20260630.pkl
2025-12-30 00:45:43 - stock-analysis - DEBUG - 读取财务数据: 0 条记录
2025-12-30 00:45:43 - stock-analysis - INFO - 导出PKL文件: gpcw20260930.pkl
2025-12-30 00:45:43 - stock-analysis - DEBUG - 读取财务数据: 0 条记录
2025-12-30 00:45:43 - stock-analysis - INFO - 导出了 94 个PKL文件
2025-12-30 00:45:43 - stock-analysis - INFO - 处理股本变迁文件...
2025-12-30 00:52:59 - stock-analysis - INFO - 用户中断程序
